<?xml version="1.0" encoding="utf-8"?><testsuites name="pytest tests"><testsuite name="pytest" errors="0" failures="0" skipped="0" tests="5" time="1.070" timestamp="2026-07-02T18:48:56.836910+00:00" hostname="agent-env-e7e92ba6-54bb-494d-abda-35d9cb0f7681"><testcase classname="tests.backend_test" name="test_health" time="0.239" /><testcase classname="tests.backend_test" name="test_market_snapshot" time="0.045" /><testcase classname="tests.backend_test" name="test_contact_create_and_list" time="0.103" /><testcase classname="tests.backend_test" name="test_contact_invalid_email" time="0.050" /><testcase classname="tests.backend_test" name="test_subscribe_idempotent" time="0.096" /></testsuite></testsuites>